<?xml version="1.0" encoding="UTF-8"?>
<!-- Generated by org.testng.reporters.JUnitReportReporter -->
<testsuite hostname="LAPTOP-H5F7P4K8" failures="0" tests="2" name="TestCases.HomePage.CurrentTemperatureDisplay" time="18.755" errors="0" timestamp="2024-06-30T13:54:26 IST" skipped="0">
  <testcase classname="TestCases.HomePage.CurrentTemperatureDisplay" name="TempDetailsOnHome" time="9.138"/>
  <system-out/>
  <testcase classname="TestCases.HomePage.CurrentTemperatureDisplay" name="CheckTemperatureAndBuy" time="9.617"/>
  <system-out/>
</testsuite> <!-- TestCases.HomePage.CurrentTemperatureDisplay -->
