<?xml version="1.0" encoding="UTF-8"?>
<!-- Generated by org.testng.reporters.JUnitReportReporter -->
<testsuite hostname="LAPTOP-H5F7P4K8" failures="0" tests="1" name="TestCases.CartPage.SelectProductsAddToCart" time="21.177" errors="0" timestamp="2024-06-30T13:54:26 IST" skipped="0">
  <testcase classname="TestCases.CartPage.SelectProductsAddToCart" name="SelectObjectAddToCart" time="21.177"/>
  <system-out/>
</testsuite> <!-- TestCases.CartPage.SelectProductsAddToCart -->
